0 info it worked if it ends with ok
1 verbose cli [ '/usr/local/bin/node', '/usr/local/bin/npm', 'i' ]
2 info using npm@1.4.28
3 info using node@v0.10.34
4 warn package.json knotifier@0.0.0 No README data
5 verbose readDependencies using package.json deps
6 verbose install where, deps [ '/home/kyr/code/justask/node',
6 verbose install   [ 'coffee-script', 'redis', 'socket.io' ] ]
7 info preinstall knotifier@0.0.0
8 verbose readDependencies using package.json deps
9 verbose cache add [ 'coffee-script@^1.8.0', null ]
10 verbose cache add name=undefined spec="coffee-script@^1.8.0" args=["coffee-script@^1.8.0",null]
11 verbose parsed url { protocol: null,
11 verbose parsed url   slashes: null,
11 verbose parsed url   auth: null,
11 verbose parsed url   host: null,
11 verbose parsed url   port: null,
11 verbose parsed url   hostname: null,
11 verbose parsed url   hash: null,
11 verbose parsed url   search: null,
11 verbose parsed url   query: null,
11 verbose parsed url   pathname: 'coffee-script@^1.8.0',
11 verbose parsed url   path: 'coffee-script@^1.8.0',
11 verbose parsed url   href: 'coffee-script@^1.8.0' }
12 verbose cache add [ 'redis@^0.12.1', null ]
13 verbose cache add name=undefined spec="redis@^0.12.1" args=["redis@^0.12.1",null]
14 verbose parsed url { protocol: null,
14 verbose parsed url   slashes: null,
14 verbose parsed url   auth: null,
14 verbose parsed url   host: null,
14 verbose parsed url   port: null,
14 verbose parsed url   hostname: null,
14 verbose parsed url   hash: null,
14 verbose parsed url   search: null,
14 verbose parsed url   query: null,
14 verbose parsed url   pathname: 'redis@^0.12.1',
14 verbose parsed url   path: 'redis@^0.12.1',
14 verbose parsed url   href: 'redis@^0.12.1' }
15 verbose cache add [ 'socket.io@^1.2.1', null ]
16 verbose cache add name=undefined spec="socket.io@^1.2.1" args=["socket.io@^1.2.1",null]
17 verbose parsed url { protocol: null,
17 verbose parsed url   slashes: null,
17 verbose parsed url   auth: null,
17 verbose parsed url   host: null,
17 verbose parsed url   port: null,
17 verbose parsed url   hostname: null,
17 verbose parsed url   hash: null,
17 verbose parsed url   search: null,
17 verbose parsed url   query: null,
17 verbose parsed url   pathname: 'socket.io@^1.2.1',
17 verbose parsed url   path: 'socket.io@^1.2.1',
17 verbose parsed url   href: 'socket.io@^1.2.1' }
18 verbose cache add name="coffee-script" spec="^1.8.0" args=["coffee-script","^1.8.0"]
19 verbose parsed url { protocol: null,
19 verbose parsed url   slashes: null,
19 verbose parsed url   auth: null,
19 verbose parsed url   host: null,
19 verbose parsed url   port: null,
19 verbose parsed url   hostname: null,
19 verbose parsed url   hash: null,
19 verbose parsed url   search: null,
19 verbose parsed url   query: null,
19 verbose parsed url   pathname: '^1.8.0',
19 verbose parsed url   path: '^1.8.0',
19 verbose parsed url   href: '^1.8.0' }
20 verbose addNamed [ 'coffee-script', '^1.8.0' ]
21 verbose addNamed [ null, '>=1.8.0-0 <2.0.0-0' ]
22 verbose cache add name="redis" spec="^0.12.1" args=["redis","^0.12.1"]
23 verbose parsed url { protocol: null,
23 verbose parsed url   slashes: null,
23 verbose parsed url   auth: null,
23 verbose parsed url   host: null,
23 verbose parsed url   port: null,
23 verbose parsed url   hostname: null,
23 verbose parsed url   hash: null,
23 verbose parsed url   search: null,
23 verbose parsed url   query: null,
23 verbose parsed url   pathname: '^0.12.1',
23 verbose parsed url   path: '^0.12.1',
23 verbose parsed url   href: '^0.12.1' }
24 verbose addNamed [ 'redis', '^0.12.1' ]
25 verbose addNamed [ null, '>=0.12.1-0 <0.13.0-0' ]
26 verbose cache add name="socket.io" spec="^1.2.1" args=["socket.io","^1.2.1"]
27 verbose parsed url { protocol: null,
27 verbose parsed url   slashes: null,
27 verbose parsed url   auth: null,
27 verbose parsed url   host: null,
27 verbose parsed url   port: null,
27 verbose parsed url   hostname: null,
27 verbose parsed url   hash: null,
27 verbose parsed url   search: null,
27 verbose parsed url   query: null,
27 verbose parsed url   pathname: '^1.2.1',
27 verbose parsed url   path: '^1.2.1',
27 verbose parsed url   href: '^1.2.1' }
28 verbose addNamed [ 'socket.io', '^1.2.1' ]
29 verbose addNamed [ null, '>=1.2.1-0 <2.0.0-0' ]
30 silly lockFile 7b7e4170-coffee-script-1-8-0 coffee-script@^1.8.0
31 verbose lock coffee-script@^1.8.0 /home/kyr/.npm/7b7e4170-coffee-script-1-8-0.lock
32 silly lockFile e462d765-redis-0-12-1 redis@^0.12.1
33 verbose lock redis@^0.12.1 /home/kyr/.npm/e462d765-redis-0-12-1.lock
34 silly lockFile 8ff672b5-socket-io-1-2-1 socket.io@^1.2.1
35 verbose lock socket.io@^1.2.1 /home/kyr/.npm/8ff672b5-socket-io-1-2-1.lock
36 silly addNameRange { name: 'coffee-script',
36 silly addNameRange   range: '>=1.8.0-0 <2.0.0-0',
36 silly addNameRange   hasData: false }
37 silly addNameRange { name: 'redis', range: '>=0.12.1-0 <0.13.0-0', hasData: false }
38 silly addNameRange { name: 'socket.io',
38 silly addNameRange   range: '>=1.2.1-0 <2.0.0-0',
38 silly addNameRange   hasData: false }
39 verbose request where is /redis
40 verbose request registry https://registry.npmjs.org/
41 verbose request id fdc77e2d6d8e74ea
42 verbose url raw /redis
43 verbose url resolving [ 'https://registry.npmjs.org/', './redis' ]
44 verbose url resolved https://registry.npmjs.org/redis
45 verbose request where is https://registry.npmjs.org/redis
46 info trying registry request attempt 1 at 00:33:55
47 http GET https://registry.npmjs.org/redis
48 verbose request where is /socket.io
49 verbose request registry https://registry.npmjs.org/
50 verbose url raw /socket.io
51 verbose url resolving [ 'https://registry.npmjs.org/', './socket.io' ]
52 verbose url resolved https://registry.npmjs.org/socket.io
53 verbose request where is https://registry.npmjs.org/socket.io
54 info trying registry request attempt 1 at 00:33:55
55 verbose etag "1M9QR8SQKJK1Z7VA8SNKL8MZW"
56 http GET https://registry.npmjs.org/socket.io
57 verbose request where is /coffee-script
58 verbose request registry https://registry.npmjs.org/
59 verbose url raw /coffee-script
60 verbose url resolving [ 'https://registry.npmjs.org/', './coffee-script' ]
61 verbose url resolved https://registry.npmjs.org/coffee-script
62 verbose request where is https://registry.npmjs.org/coffee-script
63 info trying registry request attempt 1 at 00:33:55
64 verbose etag "7COT5P93X06KPADVNLQLWOPZW"
65 http GET https://registry.npmjs.org/coffee-script
66 http 200 https://registry.npmjs.org/coffee-script
67 silly registry.get cb [ 200,
67 silly registry.get   { date: 'Sun, 04 Jan 2015 23:33:56 GMT',
67 silly registry.get     server: 'CouchDB/1.5.0 (Erlang OTP/R16B03)',
67 silly registry.get     etag: '"96BU3V8TD296G3BRMZ2FJ7O72"',
67 silly registry.get     'content-type': 'application/json',
67 silly registry.get     'cache-control': 'max-age=60',
67 silly registry.get     'content-length': '32763',
67 silly registry.get     'accept-ranges': 'bytes',
67 silly registry.get     via: '1.1 varnish',
67 silly registry.get     age: '58',
67 silly registry.get     'x-served-by': 'cache-fra1230-FRA',
67 silly registry.get     'x-cache': 'HIT',
67 silly registry.get     'x-cache-hits': '1',
67 silly registry.get     'x-timer': 'S1420414436.317103,VS0,VE0',
67 silly registry.get     vary: 'Accept',
67 silly registry.get     'keep-alive': 'timeout=10, max=50',
67 silly registry.get     connection: 'Keep-Alive' } ]
68 silly addNameRange number 2 { name: 'coffee-script',
68 silly addNameRange   range: '>=1.8.0-0 <2.0.0-0',
68 silly addNameRange   hasData: true }
69 silly addNameRange versions [ 'coffee-script',
69 silly addNameRange   [ '0.7.0',
69 silly addNameRange     '0.7.1',
69 silly addNameRange     '0.7.2',
69 silly addNameRange     '0.9.0',
69 silly addNameRange     '0.9.1',
69 silly addNameRange     '0.9.2',
69 silly addNameRange     '0.9.3',
69 silly addNameRange     '0.9.4',
69 silly addNameRange     '0.9.5',
69 silly addNameRange     '0.9.6',
69 silly addNameRange     '1.0.0',
69 silly addNameRange     '1.0.1',
69 silly addNameRange     '1.1.0',
69 silly addNameRange     '1.1.1',
69 silly addNameRange     '1.1.2',
69 silly addNameRange     '1.1.3',
69 silly addNameRange     '1.2.0',
69 silly addNameRange     '1.3.0',
69 silly addNameRange     '1.3.1',
69 silly addNameRange     '1.3.2',
69 silly addNameRange     '1.3.3',
69 silly addNameRange     '1.4.0',
69 silly addNameRange     '1.5.0',
69 silly addNameRange     '1.6.0',
69 silly addNameRange     '1.6.1',
69 silly addNameRange     '1.6.2',
69 silly addNameRange     '1.6.3',
69 silly addNameRange     '1.7.0',
69 silly addNameRange     '1.7.1',
69 silly addNameRange     '1.8.0' ] ]
70 verbose addNamed [ 'coffee-script', '1.8.0' ]
71 verbose addNamed [ '1.8.0', '1.8.0' ]
72 silly lockFile d0d79082-coffee-script-1-8-0 coffee-script@1.8.0
73 verbose lock coffee-script@1.8.0 /home/kyr/.npm/d0d79082-coffee-script-1-8-0.lock
74 silly lockFile d0d79082-coffee-script-1-8-0 coffee-script@1.8.0
75 silly lockFile d0d79082-coffee-script-1-8-0 coffee-script@1.8.0
76 silly lockFile 7b7e4170-coffee-script-1-8-0 coffee-script@^1.8.0
77 silly lockFile 7b7e4170-coffee-script-1-8-0 coffee-script@^1.8.0
78 http 200 https://registry.npmjs.org/redis
79 silly registry.get cb [ 200,
79 silly registry.get   { date: 'Sun, 04 Jan 2015 23:33:56 GMT',
79 silly registry.get     server: 'CouchDB/1.5.0 (Erlang OTP/R16B03)',
79 silly registry.get     etag: '"CTUWJM389M13K9P2DSVA8KM98"',
79 silly registry.get     'content-type': 'application/json',
79 silly registry.get     'cache-control': 'max-age=60',
79 silly registry.get     'content-length': '89968',
79 silly registry.get     'accept-ranges': 'bytes',
79 silly registry.get     via: '1.1 varnish',
79 silly registry.get     age: '37',
79 silly registry.get     'x-served-by': 'cache-fra1230-FRA',
79 silly registry.get     'x-cache': 'HIT',
79 silly registry.get     'x-cache-hits': '2',
79 silly registry.get     'x-timer': 'S1420414436.308498,VS0,VE0',
79 silly registry.get     vary: 'Accept',
79 silly registry.get     'keep-alive': 'timeout=10, max=50',
79 silly registry.get     connection: 'Keep-Alive' } ]
80 silly addNameRange number 2 { name: 'redis', range: '>=0.12.1-0 <0.13.0-0', hasData: true }
81 silly addNameRange versions [ 'redis',
81 silly addNameRange   [ '0.0.1',
81 silly addNameRange     '0.0.2',
81 silly addNameRange     '0.0.3',
81 silly addNameRange     '0.0.4',
81 silly addNameRange     '0.0.7',
81 silly addNameRange     '0.0.8',
81 silly addNameRange     '0.1.0',
81 silly addNameRange     '0.1.1',
81 silly addNameRange     '0.1.2',
81 silly addNameRange     '0.2.0',
81 silly addNameRange     '0.2.1',
81 silly addNameRange     '0.2.2',
81 silly addNameRange     '0.2.3',
81 silly addNameRange     '0.2.4',
81 silly addNameRange     '0.2.6',
81 silly addNameRange     '0.3.0',
81 silly addNameRange     '0.3.1',
81 silly addNameRange     '0.3.2',
81 silly addNameRange     '0.3.3',
81 silly addNameRange     '0.3.4',
81 silly addNameRange     '0.3.5',
81 silly addNameRange     '0.3.6',
81 silly addNameRange     '0.3.7',
81 silly addNameRange     '0.3.9',
81 silly addNameRange     '0.4.0',
81 silly addNameRange     '0.4.1',
81 silly addNameRange     '0.4.2',
81 silly addNameRange     '0.5.0',
81 silly addNameRange     '0.5.1',
81 silly addNameRange     '0.5.2',
81 silly addNameRange     '0.5.3',
81 silly addNameRange     '0.5.4',
81 silly addNameRange     '0.5.5',
81 silly addNameRange     '0.5.6',
81 silly addNameRange     '0.5.7',
81 silly addNameRange     '0.5.8',
81 silly addNameRange     '0.5.9',
81 silly addNameRange     '0.5.10',
81 silly addNameRange     '0.5.11',
81 silly addNameRange     '0.6.0',
81 silly addNameRange     '0.6.1',
81 silly addNameRange     '0.6.2',
81 silly addNameRange     '0.6.3',
81 silly addNameRange     '0.6.4',
81 silly addNameRange     '0.6.5',
81 silly addNameRange     '0.6.6',
81 silly addNameRange     '0.6.7',
81 silly addNameRange     '0.7.0',
81 silly addNameRange     '0.7.1',
81 silly addNameRange     '0.7.2',
81 silly addNameRange     '0.7.3',
81 silly addNameRange     '0.8.0',
81 silly addNameRange     '0.8.1',
81 silly addNameRange     '0.8.2',
81 silly addNameRange     '0.8.3',
81 silly addNameRange     '0.8.4',
81 silly addNameRange     '0.8.5',
81 silly addNameRange     '0.8.6',
81 silly addNameRange     '0.9.0',
81 silly addNameRange     '0.9.1',
81 silly addNameRange     '0.9.2',
81 silly addNameRange     '0.10.0',
81 silly addNameRange     '0.10.1',
81 silly addNameRange     '0.10.2',
81 silly addNameRange     '0.10.3',
81 silly addNameRange     '0.11.0',
81 silly addNameRange     '0.12.0',
81 silly addNameRange     '0.12.1' ] ]
82 verbose addNamed [ 'redis', '0.12.1' ]
83 verbose addNamed [ '0.12.1', '0.12.1' ]
84 silly lockFile 5ec46899-redis-0-12-1 redis@0.12.1
85 verbose lock redis@0.12.1 /home/kyr/.npm/5ec46899-redis-0-12-1.lock
86 silly lockFile 5db8178b-npmjs-org-redis-redis-0-12-1-tgz https://registry.npmjs.org/redis/-/redis-0.12.1.tgz
87 verbose lock https://registry.npmjs.org/redis/-/redis-0.12.1.tgz /home/kyr/.npm/5db8178b-npmjs-org-redis-redis-0-12-1-tgz.lock
88 verbose addRemoteTarball [ 'https://registry.npmjs.org/redis/-/redis-0.12.1.tgz',
88 verbose addRemoteTarball   '64df76ad0fc8acebaebd2a0645e8a48fac49185e' ]
89 info retry fetch attempt 1 at 00:33:56
90 verbose fetch to= /tmp/npm-10972-JSKBOI6Q/registry.npmjs.org/redis/-/redis-0.12.1.tgz
91 http GET https://registry.npmjs.org/redis/-/redis-0.12.1.tgz
92 http 200 https://registry.npmjs.org/socket.io
93 silly registry.get cb [ 200,
93 silly registry.get   { date: 'Sun, 04 Jan 2015 23:33:56 GMT',
93 silly registry.get     server: 'CouchDB/1.5.0 (Erlang OTP/R16B03)',
93 silly registry.get     etag: '"2V7FQQPBWEYB16EA95MPILF10"',
93 silly registry.get     'content-type': 'application/json',
93 silly registry.get     'cache-control': 'max-age=60',
93 silly registry.get     'content-length': '103208',
93 silly registry.get     'accept-ranges': 'bytes',
93 silly registry.get     via: '1.1 varnish',
93 silly registry.get     age: '43',
93 silly registry.get     'x-served-by': 'cache-fra1224-FRA',
93 silly registry.get     'x-cache': 'HIT',
93 silly registry.get     'x-cache-hits': '1',
93 silly registry.get     'x-timer': 'S1420414436.309676,VS0,VE1',
93 silly registry.get     vary: 'Accept',
93 silly registry.get     'keep-alive': 'timeout=10, max=50',
93 silly registry.get     connection: 'Keep-Alive' } ]
94 silly addNameRange number 2 { name: 'socket.io', range: '>=1.2.1-0 <2.0.0-0', hasData: true }
95 silly addNameRange versions [ 'socket.io',
95 silly addNameRange   [ '0.3.8',
95 silly addNameRange     '0.4.0',
95 silly addNameRange     '0.4.1',
95 silly addNameRange     '0.5.1',
95 silly addNameRange     '0.5.3',
95 silly addNameRange     '0.6.0',
95 silly addNameRange     '0.6.1',
95 silly addNameRange     '0.6.3',
95 silly addNameRange     '0.6.4',
95 silly addNameRange     '0.6.5',
95 silly addNameRange     '0.6.6',
95 silly addNameRange     '0.6.7',
95 silly addNameRange     '0.6.8',
95 silly addNameRange     '0.6.9',
95 silly addNameRange     '0.6.10',
95 silly addNameRange     '0.6.11',
95 silly addNameRange     '0.6.12',
95 silly addNameRange     '0.6.14',
95 silly addNameRange     '0.6.15',
95 silly addNameRange     '0.6.16',
95 silly addNameRange     '0.6.17',
95 silly addNameRange     '0.6.18',
95 silly addNameRange     '0.7.0',
95 silly addNameRange     '0.7.1',
95 silly addNameRange     '0.7.2',
95 silly addNameRange     '0.7.3',
95 silly addNameRange     '0.7.4',
95 silly addNameRange     '0.7.5',
95 silly addNameRange     '0.7.6',
95 silly addNameRange     '0.7.7',
95 silly addNameRange     '0.7.8',
95 silly addNameRange     '0.7.9',
95 silly addNameRange     '0.7.10',
95 silly addNameRange     '0.7.11',
95 silly addNameRange     '0.8.0',
95 silly addNameRange     '0.8.1',
95 silly addNameRange     '0.8.2',
95 silly addNameRange     '0.8.3',
95 silly addNameRange     '0.8.4',
95 silly addNameRange     '0.8.5',
95 silly addNameRange     '0.8.6',
95 silly addNameRange     '0.8.7',
95 silly addNameRange     '0.9.0',
95 silly addNameRange     '0.9.1',
95 silly addNameRange     '0.9.1-1',
95 silly addNameRange     '0.9.2',
95 silly addNameRange     '0.9.3',
95 silly addNameRange     '0.9.4',
95 silly addNameRange     '0.9.5',
95 silly addNameRange     '0.9.6',
95 silly addNameRange     '0.9.7',
95 silly addNameRange     '0.9.8',
95 silly addNameRange     '0.9.9',
95 silly addNameRange     '0.9.10',
95 silly addNameRange     '0.9.11',
95 silly addNameRange     '0.9.12',
95 silly addNameRange     '0.9.13',
95 silly addNameRange     '0.9.14',
95 silly addNameRange     '0.9.15',
95 silly addNameRange     '0.9.16',
95 silly addNameRange     '1.0.0-pre',
95 silly addNameRange     '1.0.0-pre2',
95 silly addNameRange     '1.0.0-pre3',
95 silly addNameRange     '1.0.0-pre4',
95 silly addNameRange     '1.0.0-pre5',
95 silly addNameRange     '0.9.17',
95 silly addNameRange     '1.0.0',
95 silly addNameRange     '1.0.1',
95 silly addNameRange     '1.0.2',
95 silly addNameRange     '1.0.3',
95 silly addNameRange     '1.0.4',
95 silly addNameRange     '1.0.5',
95 silly addNameRange     '1.0.6',
95 silly addNameRange     '1.1.0',
95 silly addNameRange     '1.2.0',
95 silly addNameRange     '1.2.1' ] ]
96 verbose addNamed [ 'socket.io', '1.2.1' ]
97 verbose addNamed [ '1.2.1', '1.2.1' ]
98 silly lockFile 77e414a6-socket-io-1-2-1 socket.io@1.2.1
99 verbose lock socket.io@1.2.1 /home/kyr/.npm/77e414a6-socket-io-1-2-1.lock
100 silly lockFile 03c4f5da-rg-socket-io-socket-io-1-2-1-tgz https://registry.npmjs.org/socket.io/-/socket.io-1.2.1.tgz
101 verbose lock https://registry.npmjs.org/socket.io/-/socket.io-1.2.1.tgz /home/kyr/.npm/03c4f5da-rg-socket-io-socket-io-1-2-1-tgz.lock
102 verbose addRemoteTarball [ 'https://registry.npmjs.org/socket.io/-/socket.io-1.2.1.tgz',
102 verbose addRemoteTarball   '84400af534c0d32baa9ac88937eedb5b8465ee92' ]
103 info retry fetch attempt 1 at 00:33:56
104 verbose fetch to= /tmp/npm-10972-JSKBOI6Q/registry.npmjs.org/socket.io/-/socket.io-1.2.1.tgz
105 http GET https://registry.npmjs.org/socket.io/-/socket.io-1.2.1.tgz
106 http 200 https://registry.npmjs.org/redis/-/redis-0.12.1.tgz
107 http 200 https://registry.npmjs.org/socket.io/-/socket.io-1.2.1.tgz
108 silly lockFile 5db8178b-npmjs-org-redis-redis-0-12-1-tgz https://registry.npmjs.org/redis/-/redis-0.12.1.tgz
109 silly lockFile 5db8178b-npmjs-org-redis-redis-0-12-1-tgz https://registry.npmjs.org/redis/-/redis-0.12.1.tgz
110 silly lockFile 5ec46899-redis-0-12-1 redis@0.12.1
111 silly lockFile 5ec46899-redis-0-12-1 redis@0.12.1
112 silly lockFile e462d765-redis-0-12-1 redis@^0.12.1
113 silly lockFile e462d765-redis-0-12-1 redis@^0.12.1
114 silly lockFile 03c4f5da-rg-socket-io-socket-io-1-2-1-tgz https://registry.npmjs.org/socket.io/-/socket.io-1.2.1.tgz
115 silly lockFile 03c4f5da-rg-socket-io-socket-io-1-2-1-tgz https://registry.npmjs.org/socket.io/-/socket.io-1.2.1.tgz
116 silly lockFile 77e414a6-socket-io-1-2-1 socket.io@1.2.1
117 silly lockFile 77e414a6-socket-io-1-2-1 socket.io@1.2.1
118 silly lockFile 8ff672b5-socket-io-1-2-1 socket.io@^1.2.1
119 silly lockFile 8ff672b5-socket-io-1-2-1 socket.io@^1.2.1
120 error Error: EACCES, mkdir '/home/kyr/.npm/socket.io/1.2.1'
120 error  { [Error: EACCES, mkdir '/home/kyr/.npm/socket.io/1.2.1']
120 error   errno: 3,
120 error   code: 'EACCES',
120 error   path: '/home/kyr/.npm/socket.io/1.2.1',
120 error   parent: 'knotifier' }
121 error Please try running this command again as root/Administrator.
122 error System Linux 3.13.0-24-generic
123 error command "/usr/local/bin/node" "/usr/local/bin/npm" "i"
124 error cwd /home/kyr/code/justask/node
125 error node -v v0.10.34
126 error npm -v 1.4.28
127 error path /home/kyr/.npm/socket.io/1.2.1
128 error code EACCES
129 error errno 3
130 error stack Error: EACCES, mkdir '/home/kyr/.npm/socket.io/1.2.1'
131 verbose exit [ 3, true ]
